
 ==============================
 S N O P T  7.5-1.1  (Jun 2015)
 ==============================
 
 SNMEMB EXIT 100 -- finished successfully
 SNMEMB INFO 104 -- memory requirements estimated

 ==============================
 S N O P T  7.5-1.1  (Jun 2015)
 ==============================
 
 

 Nonlinear constraints      39     Linear constraints       0
 Nonlinear variables        50     Linear variables         0
 Jacobian  variables        50     Objective variables     50
 Total constraints          39     Total variables         50
 

 
 The user has defined    1698   out of    1698   constraint gradients.
 The user has defined      50   out of      50   objective  gradients.
 

 Major Minors     Step   nCon Feasible  Optimal  MeritFunction     nS Penalty
     0     30               1  9.9E-02  6.5E-02  1.0000000E+00      1           r i
     1      3  6.5E-02      2  6.9E-02  7.1E-02  4.0819283E+05        5.9E+07   rli
     2     16  8.5E-02      4  3.8E-02  4.3E-01  3.6775149E+05      2 5.9E+07   rl
     3     24  1.0E+00      7  6.2E-02  7.9E+01 -7.6877626E+04      8 1.2E+04 sM
     4     20  3.2E-01     12  1.6E-02  3.9E-01 -1.3866323E+04        6.9E+05
     5     20  3.1E-01     14  8.0E-03  1.1E+02  1.2270270E+05      5 6.7E+06
     6     12  1.0E+00     16  4.4E-02  8.3E+00  8.3993237E+02      2 9.6E+03  m
     7     12  3.4E-01     18  9.3E-03  2.1E+02  2.2025978E+04      5 1.5E+05  M l
     8     10  1.0E+00     19  8.5E-03  1.2E+02 -3.7053007E+01      6 2.2E+03
     9      4  3.8E-01     21  8.7E-03  2.4E+02  1.7056628E+02      7 1.2E+04

 Major Minors     Step   nCon Feasible  Optimal  MeritFunction     nS Penalty
    10      3  1.0E+00     23  1.7E-03  6.4E+01  5.4590700E+00      9 1.5E+03  M
    11      3  1.0E+00     24  5.7E-04  2.7E+01  1.4709655E+01     11 2.8E+04
    12      3  1.0E+00     25  9.3E-05  5.6E+00  1.2959877E+01      9 4.7E+03
    13      1  1.0E+00     26  2.2E-05  8.4E+00  1.2561972E+01      9 4.3E+03
    14      2  1.0E+00     27  9.0E-05  2.0E+01  1.2129570E+01     10 4.3E+03
    15      2  1.0E+00     28  4.0E-04  5.8E+01  1.0992393E+01      9 4.3E+03
    16      1  1.0E+00     29  2.9E-05  8.4E+00  1.0446959E+01      9 4.3E+03
    17      3  1.0E+00     30  3.2E-04  2.6E+02  9.5488157E+00     11 4.3E+03
    18      1  1.0E+00     31  7.9E-05  5.4E+01  9.5579425E+00     11 5.6E+03
    19      1  1.0E+00     32  5.8E-06  3.8E+00  9.5095917E+00     11 5.6E+03

 Major Minors     Step   nCon Feasible  Optimal  MeritFunction     nS Penalty
    20      1  1.0E+00     33  1.8E-06  1.5E+00  9.4940758E+00     11 5.6E+03
    21      1  1.0E+00     34  1.4E-05  1.0E+01  9.4524009E+00     11 5.6E+03
    22      2  1.0E+00     35  1.1E-05  7.2E+00  9.4120030E+00     10 5.6E+03
    23      4  1.0E+00     36  1.4E-05  9.3E+00  9.3637983E+00      9 5.6E+03
    24      4  1.0E+00     37  3.1E-05  1.6E+01  9.2753558E+00     10 5.6E+03
    25      1  1.0E+00     38  3.2E-06  1.5E+00  9.2336417E+00     10 5.6E+03
    26      1  1.0E+00     39  5.5E-05  2.5E+01  9.1313851E+00     10 5.6E+03
    27      1  1.0E+00     40  2.8E-05  1.2E+01  9.0817202E+00     10 5.6E+03
    28      2  1.0E+00     41  4.4E-05  1.5E+01  8.9993523E+00      9 5.6E+03
    29      2  1.0E+00     42  1.8E-06  2.6E+00  8.9579321E+00      8 5.6E+03

 Major Minors     Step   nCon Feasible  Optimal  MeritFunction     nS Penalty
    30      3  1.0E+00     43  2.5E-04  1.2E+02  8.5934965E+00     10 5.6E+03
    31      1  1.0E+00     44  6.4E-05  3.1E+01  8.5738153E+00     10 7.2E+03
    32      1  1.0E+00     45  3.2E-05  1.6E+01  8.5304008E+00     10 7.2E+03
    33      1  1.0E+00     46  5.7E-06  3.2E+00  8.4948183E+00     10 7.2E+03
    34      2  1.0E+00     47  3.6E-05  2.2E+01  8.4374794E+00     11 7.2E+03
    35      1  1.0E+00     48  2.9E-06  1.9E+00  8.4124405E+00     11 7.2E+03
    36      1  1.0E+00     49  2.7E-05  2.2E+01  8.3197588E+00     11 7.2E+03
    37      1  1.0E+00     50  1.9E-05  1.3E+01  8.2717434E+00     11 7.2E+03
    38      1  1.0E+00     51  3.1E-06  2.4E+00  8.2413124E+00     11 7.2E+03
    39      1  1.0E+00     52  3.3E-05  2.7E+01  8.1597660E+00     11 7.2E+03

 Major Minors     Step   nCon Feasible  Optimal  MeritFunction     nS Penalty
    40      2  1.0E+00     53  1.3E-05  1.0E+01  8.1149238E+00     10 7.2E+03
    41      1  1.0E+00     54  7.5E-06  6.4E+00  8.0948218E+00     10 7.2E+03
    42      1  1.0E+00     55  5.6E-06  5.0E+00  8.0842306E+00     10 7.2E+03
    43      1  1.0E+00     56  1.8E-06  1.6E+00  8.0789046E+00     10 7.2E+03
    44      1  1.0E+00     57  1.4E-06  1.3E+00  8.0722781E+00     10 7.2E+03
    45      1  1.0E+00     58  2.3E-06  2.1E+00  8.0592689E+00     10 7.2E+03
    46      1  1.0E+00     59  4.8E-06  4.6E+00  8.0290557E+00     10 7.2E+03
    47      1  1.0E+00     60  1.1E-05  1.0E+01  7.9665690E+00     10 7.2E+03
    48      2  1.0E+00     61  3.9E-05  3.7E+01  7.8726944E+00      9 7.2E+03
    49      1  1.0E+00     62  2.3E-05  2.2E+01  7.8099888E+00      9 7.2E+03

 Major Minors     Step   nCon Feasible  Optimal  MeritFunction     nS Penalty
    50      1  1.0E+00     63  1.5E-05  1.5E+01  7.7898870E+00      9 7.2E+03
    51      1  1.0E+00     64  1.4E-06  1.4E+00  7.7860686E+00      9 7.2E+03
    52      1  1.0E+00     65 (1.3E-07) 1.2E-01  7.7857594E+00      9 7.2E+03
    53      1  1.0E+00     66 (4.1E-08) 5.7E-02  7.7855511E+00      9 7.2E+03
    54      1  1.0E+00     67 (1.5E-07) 1.4E-01  7.7849566E+00      9 7.2E+03
    55      1  1.0E+00     68 (2.6E-07) 2.4E-01  7.7836401E+00      9 7.2E+03
    56      1  1.0E+00     69 (6.8E-07) 6.3E-01  7.7801326E+00      9 7.2E+03
    57      1  1.0E+00     70  1.4E-06  1.3E+00  7.7717888E+00      9 7.2E+03
    58      1  1.0E+00     71  3.2E-06  2.9E+00  7.7531917E+00      9 7.2E+03
    59      2  1.0E+00     72  8.2E-06  7.1E+00  7.7199074E+00     10 7.2E+03

 Major Minors     Step   nCon Feasible  Optimal  MeritFunction     nS Penalty
    60      1  1.0E+00     73  1.2E-05  1.1E+01  7.6800084E+00     10 7.2E+03
    61      1  1.0E+00     74  1.2E-05  1.1E+01  7.6552985E+00     10 7.2E+03
    62      1  1.0E+00     75  6.5E-06  6.3E+00  7.6481053E+00     10 7.2E+03
    63      1  1.0E+00     76 (2.8E-07) 2.7E-01  7.6470850E+00     10 7.2E+03
    64      1  1.0E+00     77 (1.0E-07) 1.9E-01  7.6466920E+00     10 7.2E+03
    65      1  1.0E+00     78 (1.0E-07) 1.9E-01  7.6460821E+00     10 7.2E+03
    66      1  1.0E+00     79 (2.6E-07) 2.6E-01  7.6446017E+00     10 7.2E+03
    67      1  1.0E+00     80 (6.9E-07) 6.9E-01  7.6416217E+00     10 7.2E+03
    68      1  1.0E+00     81  1.5E-06  1.5E+00  7.6362052E+00     10 7.2E+03
    69      3  1.0E+00     82  3.0E-06  3.1E+00  7.6294547E+00     10 7.2E+03

 Major Minors     Step   nCon Feasible  Optimal  MeritFunction     nS Penalty
    70      1  1.0E+00     83  2.6E-06  2.6E+00  7.6244306E+00     10 7.2E+03
    71      1  1.0E+00     84  1.6E-06  1.6E+00  7.6219585E+00     10 7.2E+03
    72      1  1.0E+00     85 (5.6E-07) 5.7E-01  7.6212402E+00     10 7.2E+03
    73      1  1.0E+00     86 (7.1E-08) 7.3E-02  7.6210408E+00     10 7.2E+03
    74      1  1.0E+00     87 (2.1E-07) 2.2E-01  7.6205563E+00     10 7.2E+03
    75      1  1.0E+00     88 (2.5E-07) 2.6E-01  7.6196975E+00     10 7.2E+03
    76      1  1.0E+00     89 (5.7E-07) 6.0E-01  7.6174866E+00     10 7.2E+03
    77      1  1.0E+00     90  1.5E-06  1.7E+00  7.6125845E+00     10 7.2E+03
    78      1  1.0E+00     91  4.4E-06  5.0E+00  7.6027797E+00     10 7.2E+03
    79      1  1.0E+00     92  5.8E-06  7.2E+00  7.5892101E+00     10 7.2E+03

 Major Minors     Step   nCon Feasible  Optimal  MeritFunction     nS Penalty
    80      2  1.0E+00     93  4.0E-06  5.2E+00  7.5790699E+00     11 7.2E+03
    81      1  1.0E+00     94  1.7E-06  2.2E+00  7.5758519E+00     11 7.2E+03
    82      1  1.0E+00     95 (3.1E-07) 4.0E-01  7.5753397E+00     11 7.2E+03
    83      1  1.0E+00     96 (3.0E-08) 7.9E-02  7.5752767E+00     11 7.2E+03
    84      1  1.0E+00     97 (1.1E-08) 7.9E-02  7.5752376E+00     11 7.2E+03
    85      1  1.0E+00     98 (4.3E-08) 8.0E-02  7.5751442E+00     11 7.2E+03
    86      2  1.0E+00     99 (7.1E-08) 9.3E-02  7.5749689E+00     10 7.2E+03
    87      1  1.0E+00    100 (1.7E-07) 2.2E-01  7.5745368E+00     10 7.2E+03
    88      1  1.0E+00    101 (2.6E-07) 3.5E-01  7.5735816E+00     10 7.2E+03
    89      1  1.0E+00    102 (9.6E-07) 1.3E+00  7.5714278E+00     10 7.2E+03

 Major Minors     Step   nCon Feasible  Optimal  MeritFunction     nS Penalty
    90      1  1.0E+00    103  1.8E-06  2.4E+00  7.5683200E+00     10 7.2E+03
    91      1  1.0E+00    104  1.2E-06  1.7E+00  7.5654126E+00     10 7.2E+03
    92      1  1.0E+00    105  1.2E-06  1.6E+00  7.5643179E+00     10 7.2E+03
    93      1  1.0E+00    106 (1.5E-07) 2.0E-01  7.5641662E+00     10 7.2E+03
    94      1  1.0E+00    107 (1.3E-08) 4.6E-03  7.5641463E+00     10 7.2E+03
    95      1  1.0E+00    108 (7.2E-09) 3.1E-03  7.5641247E+00     10 7.2E+03
    96      1  1.0E+00    109 (2.9E-08) 3.2E-03  7.5640565E+00     10 7.2E+03
    97      1  1.0E+00    110 (6.5E-08) 8.8E-02  7.5638950E+00     10 7.2E+03
    98      1  1.0E+00    111 (1.7E-07) 2.3E-01  7.5634773E+00     10 7.2E+03
    99      1  1.0E+00    112 (3.7E-07) 4.9E-01  7.5625087E+00     10 7.2E+03

 Major Minors     Step   nCon Feasible  Optimal  MeritFunction     nS Penalty
   100      1  1.0E+00    113 (5.7E-07) 7.5E-01  7.5605601E+00     10 7.2E+03
   101      1  1.0E+00    114  1.4E-06  1.8E+00  7.5578318E+00     10 7.2E+03
   102      2  1.0E+00    115  1.2E-06  1.6E+00  7.5558627E+00     11 7.2E+03
   103      1  1.0E+00    116 (4.3E-07) 5.6E-01  7.5552889E+00     11 7.2E+03
   104      1  1.0E+00    117 (6.9E-08) 9.1E-02  7.5552306E+00     11 7.2E+03
   105      1  1.0E+00    118 (1.4E-09) 9.3E-05  7.5552290E+00     11 7.2E+03
   106      1  1.0E+00    119 (2.4E-11) 4.9E-06  7.5552290E+00     11 7.2E+03
   107      1  1.0E+00    120 (2.4E-12) 6.5E-06  7.5552290E+00     11 7.2E+03
   108      1  1.0E+00    121 (2.1E-13)(1.8E-06) 7.5552290E+00     11 7.2E+03
 
 SNOPTC EXIT   0 -- finished successfully
 SNOPTC INFO   1 -- optimality conditions satisfied

 Problem name                 O
 No. of iterations                 280   Objective            7.5552289803E+00
 No. of major iterations           108   Linear    obj. term  0.0000000000E+00
 Penalty parameter           7.200E+03   Nonlinear obj. term  7.5552289803E+00
 User function calls (total)       122
 No. of superbasics                 11   No. of basic nonlinears            39
 No. of degenerate steps            15   Percentage                       5.36
 Max x                      16 3.2E+01   Max pi                      3 3.4E+01
 Max Primal infeas           0 0.0E+00   Max Dual infeas             1 6.0E-05
 Nonlinear constraint violn    6.6E-12
 
 

 Solution printed on file  18
 
 Time for MPS input                             0.00 seconds
 Time for solving problem                       1.61 seconds
 Time for solution output                       0.00 seconds
 Time for constraint functions                  1.61 seconds
 Time for objective function                    0.00 seconds
